oneline_aperitif_oppskrift.html.jpg
URL: 
no_image.jpg
URL: 
no_image.jpg
URL: 
no_image.jpg
URL: /var/aperitif/storage/images/mypage/1211134/1405098611_710.jpeg
oneline_oppskrift12.html.jpg
URL: /var/aperitif/storage/images/mypage/1211135/1405099228_1000.jpeg
oneline_oppskrift13.html.jpg
URL: 
no_image.jpg
URL: /var/aperitif/storage/images/mypage/1215534/1408906586_fiskesuppe.jpg
oneline_oppskrift15.html.jpg
URL: /var/aperitif/storage/images/mypage/1216056/1409339653_fisk.jpg
oneline_oppskrift16.html.jpg
URL: 
no_image.jpg
URL: /var/aperitif/storage/images/mypage/43414/Cool-Summerbreeze-225b.jpg
oneline_oppskrift18.html.jpg
URL: 
no_image.jpg
URL: 
no_image.jpg
URL: 
no_image.jpg
URL: 
no_image.jpg
URL: 
no_image.jpg
URL: 
no_image.jpg
URL: 
no_image.jpg
URL: 
no_image.jpg
URL: 
no_image.jpg
URL: 
no_image.jpg
URL: /var/aperitif/storage/images/mypage/80589/Babi-Asam-Manis-225b.jpg
oneline_oppskrift7.html.jpg
URL: /var/aperitif/storage/images/mypage/140266/Frittata-artisjokk-tomat-225b.jpg
oneline_oppskrift8.html.jpg
URL: 
no_image.jpg
URL: /var/aperitif/storage/images/oppskrifter2/kokebok/kylling-og-fjaerkre/kylling/kylling-med-couscous-og-eplesalat/7514629-1-nor-NO/Kylling-med-couscous-og-eplesalat.jpg
/var/aperitif/storage/images/oppskrifter2/dagens-rett/denne-soendagsmiddagen-vil-det-gaa-gjetord-om/6265356-10-nor-NO/Denne-soendagsmiddagen-vil-det-gaa-gjetord-om_frontpage_coulmn.jpg
oneline_aperitif_oppskrift.html.jpg
URL: 
no_image.jpg
URL: 
no_image.jpg
URL: 
no_image.jpg
URL: /var/aperitif/storage/images/mypage/1211134/1405098611_710.jpeg
oneline_oppskrift12.html.jpg
URL: /var/aperitif/storage/images/mypage/1211135/1405099228_1000.jpeg
oneline_oppskrift13.html.jpg
URL: 
no_image.jpg
URL: /var/aperitif/storage/images/mypage/1215534/1408906586_fiskesuppe.jpg
oneline_oppskrift15.html.jpg
URL: /var/aperitif/storage/images/mypage/1216056/1409339653_fisk.jpg
oneline_oppskrift16.html.jpg
URL: 
no_image.jpg
URL: /var/aperitif/storage/images/mypage/43414/Cool-Summerbreeze-225b.jpg
oneline_oppskrift18.html.jpg
URL: 
no_image.jpg
URL: 
no_image.jpg
URL: 
no_image.jpg
URL: 
no_image.jpg
URL: 
no_image.jpg
URL: 
no_image.jpg
URL: 
no_image.jpg
URL: 
no_image.jpg
URL: 
no_image.jpg
URL: 
no_image.jpg
URL: /var/aperitif/storage/images/mypage/80589/Babi-Asam-Manis-225b.jpg
oneline_oppskrift7.html.jpg
URL: /var/aperitif/storage/images/mypage/140266/Frittata-artisjokk-tomat-225b.jpg
oneline_oppskrift8.html.jpg
URL: 
no_image.jpg
URL: /var/aperitif/storage/images/oppskrifter2/kokebok/kylling-og-fjaerkre/kylling/kylling-med-couscous-og-eplesalat/7514629-1-nor-NO/Kylling-med-couscous-og-eplesalat.jpg
/var/aperitif/storage/images/oppskrifter2/dagens-rett/denne-soendagsmiddagen-vil-det-gaa-gjetord-om/6265356-10-nor-NO/Denne-soendagsmiddagen-vil-det-gaa-gjetord-om_frontpage_coulmn.jpg
oneline_aperitif_oppskrift.html.jpg
URL: 
URL: 
URL: 
URL: /var/aperitif/storage/images/mypage/1211134/1405098611_710.jpeg
URL: /var/aperitif/storage/images/mypage/1211135/1405099228_1000.jpeg
URL: 
URL: /var/aperitif/storage/images/mypage/1215534/1408906586_fiskesuppe.jpg
URL: /var/aperitif/storage/images/mypage/1216056/1409339653_fisk.jpg
URL: 
URL: /var/aperitif/storage/images/mypage/43414/Cool-Summerbreeze-225b.jpg
URL: 
URL: 
URL: 
URL: 
URL: 
URL: 
URL: 
URL: 
URL: 
URL: 
URL: /var/aperitif/storage/images/mypage/80589/Babi-Asam-Manis-225b.jpg
URL: /var/aperitif/storage/images/mypage/140266/Frittata-artisjokk-tomat-225b.jpg
URL: 
URL: /var/aperitif/storage/images/oppskrifter2/kokebok/kylling-og-fjaerkre/kylling/kylling-med-couscous-og-eplesalat/7514629-1-nor-NO/Kylling-med-couscous-og-eplesalat.jpg
/var/aperitif/storage/images/oppskrifter2/dagens-rett/denne-soendagsmiddagen-vil-det-gaa-gjetord-om/6265356-10-nor-NO/Denne-soendagsmiddagen-vil-det-gaa-gjetord-om_frontpage_coulmn.jpg
URL: 
URL: 
URL: 
URL: /var/aperitif/storage/images/mypage/1211134/1405098611_710.jpeg
URL: /var/aperitif/storage/images/mypage/1211135/1405099228_1000.jpeg
URL: 
URL: /var/aperitif/storage/images/mypage/1215534/1408906586_fiskesuppe.jpg
URL: /var/aperitif/storage/images/mypage/1216056/1409339653_fisk.jpg
URL: 
URL: /var/aperitif/storage/images/mypage/43414/Cool-Summerbreeze-225b.jpg
URL: 
URL: 
URL: 
URL: 
URL: 
URL: 
URL: 
URL: 
URL: 
URL: 
URL: /var/aperitif/storage/images/mypage/80589/Babi-Asam-Manis-225b.jpg
URL: /var/aperitif/storage/images/mypage/140266/Frittata-artisjokk-tomat-225b.jpg
URL: 
URL: 
URL: 
URL: 
URL: /var/aperitif/storage/images/mypage/1211134/1405098611_710.jpeg
URL: /var/aperitif/storage/images/mypage/1211135/1405099228_1000.jpeg
URL: 
URL: /var/aperitif/storage/images/mypage/1215534/1408906586_fiskesuppe.jpg
URL: /var/aperitif/storage/images/mypage/1216056/1409339653_fisk.jpg
URL: 
URL: /var/aperitif/storage/images/mypage/43414/Cool-Summerbreeze-225b.jpg
URL: 
URL: 
URL: 
URL: 
URL: 
URL: 
URL: 
URL: 
URL: 
URL: 
URL: /var/aperitif/storage/images/mypage/80589/Babi-Asam-Manis-225b.jpg
URL: /var/aperitif/storage/images/mypage/140266/Frittata-artisjokk-tomat-225b.jpg
URL: 
URL: 
URL: 
URL: 
URL: /var/aperitif/storage/images/mypage/1211134/1405098611_710.jpeg
URL: /var/aperitif/storage/images/mypage/1211135/1405099228_1000.jpeg
URL: 
URL: /var/aperitif/storage/images/mypage/1215534/1408906586_fiskesuppe.jpg
URL: /var/aperitif/storage/images/mypage/1216056/1409339653_fisk.jpg
URL: 
URL: /var/aperitif/storage/images/mypage/43414/Cool-Summerbreeze-225b.jpg
URL: 
URL: 
URL: 
URL: 
URL: 
URL: 
URL: 
URL: 
URL: 
URL: 
URL: /var/aperitif/storage/images/mypage/80589/Babi-Asam-Manis-225b.jpg
URL: /var/aperitif/storage/images/mypage/140266/Frittata-artisjokk-tomat-225b.jpg
URL: 
URL: /var/aperitif/storage/images/oppskrifter2/kokebok/kylling-og-fjaerkre/kylling/kylling-med-couscous-og-eplesalat/7514629-1-nor-NO/Kylling-med-couscous-og-eplesalat.jpg
/var/aperitif/storage/images/oppskrifter2/dagens-rett/denne-soendagsmiddagen-vil-det-gaa-gjetord-om/6265356-10-nor-NO/Denne-soendagsmiddagen-vil-det-gaa-gjetord-om_frontpage_coulmn.jpg
URL: 
URL: 
URL: 
URL: /var/aperitif/storage/images/mypage/1211134/1405098611_710.jpeg
URL: /var/aperitif/storage/images/mypage/1211135/1405099228_1000.jpeg
URL: 
URL: /var/aperitif/storage/images/mypage/1215534/1408906586_fiskesuppe.jpg
URL: /var/aperitif/storage/images/mypage/1216056/1409339653_fisk.jpg
URL: 
URL: /var/aperitif/storage/images/mypage/43414/Cool-Summerbreeze-225b.jpg
URL: 
URL: 
URL: 
URL: 
URL: 
URL: 
URL: 
URL: 
URL: 
URL: 
URL: /var/aperitif/storage/images/mypage/80589/Babi-Asam-Manis-225b.jpg
URL: /var/aperitif/storage/images/mypage/140266/Frittata-artisjokk-tomat-225b.jpg
URL: 
URL: /var/aperitif/storage/images/oppskrifter2/kokebok/kylling-og-fjaerkre/kylling/kylling-med-couscous-og-eplesalat/7514629-1-nor-NO/Kylling-med-couscous-og-eplesalat.jpg
/var/aperitif/storage/images/oppskrifter2/dagens-rett/denne-soendagsmiddagen-vil-det-gaa-gjetord-om/6265356-10-nor-NO/Denne-soendagsmiddagen-vil-det-gaa-gjetord-om_frontpage_coulmn.jpg
URL: 
URL: 
URL: 
URL: /var/aperitif/storage/images/mypage/1211134/1405098611_710.jpeg
URL: /var/aperitif/storage/images/mypage/1211135/1405099228_1000.jpeg
URL: 
URL: /var/aperitif/storage/images/mypage/1215534/1408906586_fiskesuppe.jpg
URL: /var/aperitif/storage/images/mypage/1216056/1409339653_fisk.jpg
URL: 
URL: /var/aperitif/storage/images/mypage/43414/Cool-Summerbreeze-225b.jpg
URL: 
URL: 
URL: 
URL: 
URL: 
URL: 
URL: 
URL: 
URL: 
URL: 
URL: /var/aperitif/storage/images/mypage/80589/Babi-Asam-Manis-225b.jpg
URL: /var/aperitif/storage/images/mypage/140266/Frittata-artisjokk-tomat-225b.jpg
URL: 
URL: /var/aperitif/storage/images/oppskrifter2/kokebok/kylling-og-fjaerkre/kylling/kylling-med-couscous-og-eplesalat/7514629-1-nor-NO/Kylling-med-couscous-og-eplesalat.jpg
/var/aperitif/storage/images/oppskrifter2/dagens-rett/denne-soendagsmiddagen-vil-det-gaa-gjetord-om/6265356-10-nor-NO/Denne-soendagsmiddagen-vil-det-gaa-gjetord-om_frontpage_coulmn.jpg
URL: 
URL: 
URL: 
URL: /var/aperitif/storage/images/mypage/1211134/1405098611_710.jpeg
URL: /var/aperitif/storage/images/mypage/1211135/1405099228_1000.jpeg
URL: 
URL: /var/aperitif/storage/images/mypage/1215534/1408906586_fiskesuppe.jpg
URL: /var/aperitif/storage/images/mypage/1216056/1409339653_fisk.jpg
URL: 
URL: /var/aperitif/storage/images/mypage/43414/Cool-Summerbreeze-225b.jpg
URL: 
URL: 
URL: 
URL: 
URL: 
URL: 
URL: 
URL: 
URL: 
URL: 
URL: /var/aperitif/storage/images/mypage/80589/Babi-Asam-Manis-225b.jpg
URL: /var/aperitif/storage/images/mypage/140266/Frittata-artisjokk-tomat-225b.jpg
URL: 
URL: /var/aperitif/storage/images/oppskrifter2/kokebok/kylling-og-fjaerkre/kylling/kylling-med-couscous-og-eplesalat/7514629-1-nor-NO/Kylling-med-couscous-og-eplesalat.jpg
/var/aperitif/storage/images/oppskrifter2/dagens-rett/denne-soendagsmiddagen-vil-det-gaa-gjetord-om/6265356-10-nor-NO/Denne-soendagsmiddagen-vil-det-gaa-gjetord-om_frontpage_coulmn.jpg
URL: 
URL: 
URL: 
URL: /var/aperitif/storage/images/mypage/1211134/1405098611_710.jpeg
URL: /var/aperitif/storage/images/mypage/1211135/1405099228_1000.jpeg
URL: 
URL: /var/aperitif/storage/images/mypage/1215534/1408906586_fiskesuppe.jpg
URL: /var/aperitif/storage/images/mypage/1216056/1409339653_fisk.jpg
URL: 
URL: /var/aperitif/storage/images/mypage/43414/Cool-Summerbreeze-225b.jpg
URL: 
URL: 
URL: 
URL: 
URL: 
URL: 
URL: 
URL: 
URL: 
URL: 
URL: /var/aperitif/storage/images/mypage/80589/Babi-Asam-Manis-225b.jpg
URL: /var/aperitif/storage/images/mypage/140266/Frittata-artisjokk-tomat-225b.jpg
URL: 
URL: /var/aperitif/storage/images/oppskrifter2/kokebok/kylling-og-fjaerkre/kylling/kylling-med-couscous-og-eplesalat/7514629-1-nor-NO/Kylling-med-couscous-og-eplesalat.jpg
/var/aperitif/storage/images/oppskrifter2/dagens-rett/denne-soendagsmiddagen-vil-det-gaa-gjetord-om/6265356-10-nor-NO/Denne-soendagsmiddagen-vil-det-gaa-gjetord-om_frontpage_coulmn.jpg
URL: 
URL: 
URL: 
URL: /var/aperitif/storage/images/mypage/1211134/1405098611_710.jpeg
URL: /var/aperitif/storage/images/mypage/1211135/1405099228_1000.jpeg
URL: 
URL: /var/aperitif/storage/images/mypage/1215534/1408906586_fiskesuppe.jpg
URL: /var/aperitif/storage/images/mypage/1216056/1409339653_fisk.jpg
URL: 
URL: /var/aperitif/storage/images/mypage/43414/Cool-Summerbreeze-225b.jpg
URL: 
URL: 
URL: 
URL: 
URL: 
URL: 
URL: 
URL: 
URL: 
URL: 
URL: /var/aperitif/storage/images/mypage/80589/Babi-Asam-Manis-225b.jpg
URL: /var/aperitif/storage/images/mypage/140266/Frittata-artisjokk-tomat-225b.jpg
URL: 
URL: /var/aperitif/storage/images/oppskrifter2/kokebok/kylling-og-fjaerkre/kylling/kylling-med-couscous-og-eplesalat/7514629-1-nor-NO/Kylling-med-couscous-og-eplesalat.jpg
/var/aperitif/storage/images/oppskrifter2/dagens-rett/denne-soendagsmiddagen-vil-det-gaa-gjetord-om/6265356-10-nor-NO/Denne-soendagsmiddagen-vil-det-gaa-gjetord-om_frontpage_coulmn.jpg
URL: 
URL: 
URL: 
URL: /var/aperitif/storage/images/mypage/1211134/1405098611_710.jpeg
URL: /var/aperitif/storage/images/mypage/1211135/1405099228_1000.jpeg
URL: 
URL: /var/aperitif/storage/images/mypage/1215534/1408906586_fiskesuppe.jpg
URL: /var/aperitif/storage/images/mypage/1216056/1409339653_fisk.jpg
URL: 
URL: /var/aperitif/storage/images/mypage/43414/Cool-Summerbreeze-225b.jpg
URL: 
URL: 
URL: 
URL: 
URL: 
URL: 
URL: 
URL: 
URL: 
URL: 
URL: /var/aperitif/storage/images/mypage/80589/Babi-Asam-Manis-225b.jpg
URL: /var/aperitif/storage/images/mypage/140266/Frittata-artisjokk-tomat-225b.jpg
URL: 
URL: /var/aperitif/storage/images/oppskrifter2/kokebok/kylling-og-fjaerkre/kylling/kylling-med-couscous-og-eplesalat/7514629-1-nor-NO/Kylling-med-couscous-og-eplesalat.jpg
/var/aperitif/storage/images/oppskrifter2/dagens-rett/denne-soendagsmiddagen-vil-det-gaa-gjetord-om/6265356-10-nor-NO/Denne-soendagsmiddagen-vil-det-gaa-gjetord-om_frontpage_coulmn.jpg
URL: 
URL: 
URL: 
URL: /var/aperitif/storage/images/mypage/1211134/1405098611_710.jpeg
URL: /var/aperitif/storage/images/mypage/1211135/1405099228_1000.jpeg
URL: 
URL: /var/aperitif/storage/images/mypage/1215534/1408906586_fiskesuppe.jpg
URL: /var/aperitif/storage/images/mypage/1216056/1409339653_fisk.jpg
URL: 
URL: 
URL: 
URL: /var/aperitif/storage/images/mypage/1211134/1405098611_710.jpeg
URL: /var/aperitif/storage/images/mypage/1211135/1405099228_1000.jpeg
URL: 
URL: /var/aperitif/storage/images/mypage/1215534/1408906586_fiskesuppe.jpg
URL: /var/aperitif/storage/images/mypage/1216056/1409339653_fisk.jpg
URL: 
URL: /var/aperitif/storage/images/mypage/43414/Cool-Summerbreeze-225b.jpg
URL: 
URL: 
URL: 
URL: 
URL: 
URL: 
URL: 
URL: 
URL: 
URL: 
URL: /var/aperitif/storage/images/mypage/80589/Babi-Asam-Manis-225b.jpg
URL: /var/aperitif/storage/images/mypage/140266/Frittata-artisjokk-tomat-225b.jpg
URL: 
URL: /var/aperitif/storage/images/oppskrifter2/kokebok/kylling-og-fjaerkre/kylling/kylling-med-couscous-og-eplesalat/7514629-1-nor-NO/Kylling-med-couscous-og-eplesalat.jpg
/var/aperitif/storage/images/oppskrifter2/dagens-rett/denne-soendagsmiddagen-vil-det-gaa-gjetord-om/6265356-10-nor-NO/Denne-soendagsmiddagen-vil-det-gaa-gjetord-om_frontpage_coulmn.jpg
URL: 
URL: 
URL: 
URL: /var/aperitif/storage/images/mypage/1211134/1405098611_710.jpeg
URL: /var/aperitif/storage/images/mypage/1211135/1405099228_1000.jpeg
URL: 
URL: /var/aperitif/storage/images/mypage/1215534/1408906586_fiskesuppe.jpg
URL: /var/aperitif/storage/images/mypage/1216056/1409339653_fisk.jpg
URL: 
URL: /var/aperitif/storage/images/mypage/43414/Cool-Summerbreeze-225b.jpg
URL: 
URL: 
URL: 
URL: 
URL: 
URL: 
URL: 
URL: 
URL: 
URL: 
URL: /var/aperitif/storage/images/mypage/80589/Babi-Asam-Manis-225b.jpg
URL: /var/aperitif/storage/images/mypage/140266/Frittata-artisjokk-tomat-225b.jpg
URL: 
URL: /var/aperitif/storage/images/oppskrifter2/kokebok/kylling-og-fjaerkre/kylling/kylling-med-couscous-og-eplesalat/7514629-1-nor-NO/Kylling-med-couscous-og-eplesalat.jpg
/var/aperitif/storage/images/oppskrifter2/dagens-rett/denne-soendagsmiddagen-vil-det-gaa-gjetord-om/6265356-10-nor-NO/Denne-soendagsmiddagen-vil-det-gaa-gjetord-om_frontpage_coulmn.jpg
URL: 
URL: 
URL: 
URL: /var/aperitif/storage/images/mypage/1211134/1405098611_710.jpeg
URL: /var/aperitif/storage/images/mypage/1211135/1405099228_1000.jpeg
URL: 
URL: /var/aperitif/storage/images/mypage/1215534/1408906586_fiskesuppe.jpg
URL: /var/aperitif/storage/images/mypage/1216056/1409339653_fisk.jpg
URL: 
URL: /var/aperitif/storage/images/mypage/43414/Cool-Summerbreeze-225b.jpg
URL: 
URL: 
URL: 
URL: 
URL: 
URL: 
URL: 
URL: 
URL: 
URL: 
URL: /var/aperitif/storage/images/mypage/80589/Babi-Asam-Manis-225b.jpg
URL: /var/aperitif/storage/images/mypage/140266/Frittata-artisjokk-tomat-225b.jpg
URL: 
URL: /var/aperitif/storage/images/oppskrifter2/kokebok/kylling-og-fjaerkre/kylling/kylling-med-couscous-og-eplesalat/7514629-1-nor-NO/Kylling-med-couscous-og-eplesalat.jpg
/var/aperitif/storage/images/oppskrifter2/dagens-rett/denne-soendagsmiddagen-vil-det-gaa-gjetord-om/6265356-10-nor-NO/Denne-soendagsmiddagen-vil-det-gaa-gjetord-om_frontpage_coulmn.jpg
URL: 
URL: 
URL: 
URL: /var/aperitif/storage/images/mypage/1211134/1405098611_710.jpeg
URL: /var/aperitif/storage/images/mypage/1211135/1405099228_1000.jpeg
URL: 
URL: /var/aperitif/storage/images/mypage/1215534/1408906586_fiskesuppe.jpg
URL: /var/aperitif/storage/images/mypage/1216056/1409339653_fisk.jpg
URL: 
URL: /var/aperitif/storage/images/mypage/43414/Cool-Summerbreeze-225b.jpg
URL: 
URL: 
URL: 
URL: 
URL: 
URL: 
URL: 
URL: 
URL: 
URL: 
URL: /var/aperitif/storage/images/mypage/80589/Babi-Asam-Manis-225b.jpg
URL: /var/aperitif/storage/images/mypage/140266/Frittata-artisjokk-tomat-225b.jpg
URL: 
URL: /var/aperitif/storage/images/oppskrifter2/kokebok/kylling-og-fjaerkre/kylling/kylling-med-couscous-og-eplesalat/7514629-1-nor-NO/Kylling-med-couscous-og-eplesalat.jpg
/var/aperitif/storage/images/oppskrifter2/dagens-rett/denne-soendagsmiddagen-vil-det-gaa-gjetord-om/6265356-10-nor-NO/Denne-soendagsmiddagen-vil-det-gaa-gjetord-om_frontpage_coulmn.jpg
URL: 
URL: 
URL: 
URL: /var/aperitif/storage/images/mypage/1211134/1405098611_710.jpeg
URL: /var/aperitif/storage/images/mypage/1211135/1405099228_1000.jpeg
URL: 
URL: /var/aperitif/storage/images/mypage/1215534/1408906586_fiskesuppe.jpg
URL: /var/aperitif/storage/images/mypage/1216056/1409339653_fisk.jpg
URL: 
URL: /var/aperitif/storage/images/mypage/43414/Cool-Summerbreeze-225b.jpg
URL: 
URL: 
URL: 
URL: 
URL: 
URL: 
URL: 
URL: 
URL: 
URL: 
URL: /var/aperitif/storage/images/mypage/80589/Babi-Asam-Manis-225b.jpg
URL: /var/aperitif/storage/images/mypage/140266/Frittata-artisjokk-tomat-225b.jpg
URL: 
URL: /var/aperitif/storage/images/oppskrifter2/kokebok/kylling-og-fjaerkre/kylling/kylling-med-couscous-og-eplesalat/7514629-1-nor-NO/Kylling-med-couscous-og-eplesalat.jpg
/var/aperitif/storage/images/oppskrifter2/dagens-rett/denne-soendagsmiddagen-vil-det-gaa-gjetord-om/6265356-10-nor-NO/Denne-soendagsmiddagen-vil-det-gaa-gjetord-om_frontpage_coulmn.jpg
URL: 
URL: 
URL: 
URL: /var/aperitif/storage/images/mypage/1211134/1405098611_710.jpeg
URL: /var/aperitif/storage/images/mypage/1211135/1405099228_1000.jpeg
URL: 
URL: /var/aperitif/storage/images/mypage/1215534/1408906586_fiskesuppe.jpg
URL: /var/aperitif/storage/images/mypage/1216056/1409339653_fisk.jpg
URL: 
URL: /var/aperitif/storage/images/mypage/43414/Cool-Summerbreeze-225b.jpg
URL: 
URL: 
URL: 
URL: 
URL: 
URL: 
URL: 
URL: 
URL: 
URL: 
URL: /var/aperitif/storage/images/mypage/80589/Babi-Asam-Manis-225b.jpg
URL: /var/aperitif/storage/images/mypage/140266/Frittata-artisjokk-tomat-225b.jpg
URL: 
URL: /var/aperitif/storage/images/oppskrifter2/kokebok/kylling-og-fjaerkre/kylling/kylling-med-couscous-og-eplesalat/7514629-1-nor-NO/Kylling-med-couscous-og-eplesalat.jpg
/var/aperitif/storage/images/oppskrifter2/dagens-rett/denne-soendagsmiddagen-vil-det-gaa-gjetord-om/6265356-10-nor-NO/Denne-soendagsmiddagen-vil-det-gaa-gjetord-om_frontpage_coulmn.jpg
URL: 
URL: 
URL: 
URL: /var/aperitif/storage/images/mypage/1211134/1405098611_710.jpeg
URL: /var/aperitif/storage/images/mypage/1211135/1405099228_1000.jpeg
URL: 
URL: /var/aperitif/storage/images/mypage/1215534/1408906586_fiskesuppe.jpg
URL: /var/aperitif/storage/images/mypage/1216056/1409339653_fisk.jpg
URL: 
URL: /var/aperitif/storage/images/mypage/43414/Cool-Summerbreeze-225b.jpg
URL: 
URL: 
URL: 
URL: 
URL: 
URL: 
URL: 
URL: 
URL: 
URL: 
URL: /var/aperitif/storage/images/mypage/80589/Babi-Asam-Manis-225b.jpg
URL: /var/aperitif/storage/images/mypage/140266/Frittata-artisjokk-tomat-225b.jpg
URL: 
URL: /var/aperitif/storage/images/oppskrifter2/kokebok/kylling-og-fjaerkre/kylling/kylling-med-couscous-og-eplesalat/7514629-1-nor-NO/Kylling-med-couscous-og-eplesalat.jpg
/var/aperitif/storage/images/oppskrifter2/dagens-rett/denne-soendagsmiddagen-vil-det-gaa-gjetord-om/6265356-10-nor-NO/Denne-soendagsmiddagen-vil-det-gaa-gjetord-om_frontpage_coulmn.jpg
URL: 
URL: 
URL: 
URL: /var/aperitif/storage/images/mypage/1211134/1405098611_710.jpeg
URL: /var/aperitif/storage/images/mypage/1211135/1405099228_1000.jpeg
URL: 
URL: /var/aperitif/storage/images/mypage/1215534/1408906586_fiskesuppe.jpg
URL: /var/aperitif/storage/images/mypage/1216056/1409339653_fisk.jpg
URL: 
URL: /var/aperitif/storage/images/mypage/43414/Cool-Summerbreeze-225b.jpg
URL: 
URL: 
URL: 
URL: 
URL: 
URL: 
URL: 
URL: 
URL: 
URL: 
URL: /var/aperitif/storage/images/mypage/80589/Babi-Asam-Manis-225b.jpg
URL: /var/aperitif/storage/images/mypage/140266/Frittata-artisjokk-tomat-225b.jpg
URL: 
URL: /var/aperitif/storage/images/oppskrifter2/kokebok/kylling-og-fjaerkre/kylling/kylling-med-couscous-og-eplesalat/7514629-1-nor-NO/Kylling-med-couscous-og-eplesalat.jpg
/var/aperitif/storage/images/oppskrifter2/dagens-rett/denne-soendagsmiddagen-vil-det-gaa-gjetord-om/6265356-10-nor-NO/Denne-soendagsmiddagen-vil-det-gaa-gjetord-om_frontpage_coulmn.jpg
URL: 
URL: 
URL: 
URL: /var/aperitif/storage/images/mypage/1211134/1405098611_710.jpeg
URL: /var/aperitif/storage/images/mypage/1211135/1405099228_1000.jpeg
URL: 
URL: /var/aperitif/storage/images/mypage/1215534/1408906586_fiskesuppe.jpg
URL: /var/aperitif/storage/images/mypage/1216056/1409339653_fisk.jpg
URL: 
URL: /var/aperitif/storage/images/mypage/43414/Cool-Summerbreeze-225b.jpg
URL: 
URL: 
URL: 
URL: 
URL: 
URL: 
URL: 
URL: 
URL: 
URL: 
URL: /var/aperitif/storage/images/mypage/80589/Babi-Asam-Manis-225b.jpg
URL: /var/aperitif/storage/images/mypage/140266/Frittata-artisjokk-tomat-225b.jpg
URL: 
URL: /var/aperitif/storage/images/oppskrifter2/kokebok/kylling-og-fjaerkre/kylling/kylling-med-couscous-og-eplesalat/7514629-1-nor-NO/Kylling-med-couscous-og-eplesalat.jpg
/var/aperitif/storage/images/oppskrifter2/dagens-rett/denne-soendagsmiddagen-vil-det-gaa-gjetord-om/6265356-10-nor-NO/Denne-soendagsmiddagen-vil-det-gaa-gjetord-om_frontpage_coulmn.jpg
URL: 
URL: 
URL: 
URL: /var/aperitif/storage/images/mypage/1211134/1405098611_710.jpeg
URL: /var/aperitif/storage/images/mypage/1211135/1405099228_1000.jpeg
URL: 
URL: /var/aperitif/storage/images/mypage/1215534/1408906586_fiskesuppe.jpg
URL: /var/aperitif/storage/images/mypage/1216056/1409339653_fisk.jpg
URL: 
URL: /var/aperitif/storage/images/mypage/43414/Cool-Summerbreeze-225b.jpg
URL: 
URL: 
URL: 
URL: 
URL: 
URL: 
URL: 
URL: 
URL: 
URL: 
URL: /var/aperitif/storage/images/mypage/80589/Babi-Asam-Manis-225b.jpg
URL: /var/aperitif/storage/images/mypage/140266/Frittata-artisjokk-tomat-225b.jpg
URL: 
URL: /var/aperitif/storage/images/oppskrifter2/kokebok/kylling-og-fjaerkre/kylling/kylling-med-couscous-og-eplesalat/7514629-1-nor-NO/Kylling-med-couscous-og-eplesalat.jpg
/var/aperitif/storage/images/oppskrifter2/dagens-rett/denne-soendagsmiddagen-vil-det-gaa-gjetord-om/6265356-10-nor-NO/Denne-soendagsmiddagen-vil-det-gaa-gjetord-om_frontpage_coulmn.jpg
URL: 
URL: 
URL: 
URL: /var/aperitif/storage/images/mypage/1211134/1405098611_710.jpeg
URL: /var/aperitif/storage/images/mypage/1211135/1405099228_1000.jpeg
URL: 
URL: /var/aperitif/storage/images/mypage/1215534/1408906586_fiskesuppe.jpg
URL: /var/aperitif/storage/images/mypage/1216056/1409339653_fisk.jpg
URL: 
URL: /var/aperitif/storage/images/mypage/43414/Cool-Summerbreeze-225b.jpg
URL: 
URL: 
URL: 
URL: 
URL: 
URL: 
URL: 
URL: 
URL: 
URL: 
URL: /var/aperitif/storage/images/mypage/80589/Babi-Asam-Manis-225b.jpg
URL: /var/aperitif/storage/images/mypage/140266/Frittata-artisjokk-tomat-225b.jpg
URL: 
URL: /var/aperitif/storage/images/oppskrifter2/kokebok/kylling-og-fjaerkre/kylling/kylling-med-couscous-og-eplesalat/7514629-1-nor-NO/Kylling-med-couscous-og-eplesalat.jpg
/var/aperitif/storage/images/oppskrifter2/dagens-rett/denne-soendagsmiddagen-vil-det-gaa-gjetord-om/6265356-10-nor-NO/Denne-soendagsmiddagen-vil-det-gaa-gjetord-om_frontpage_coulmn.jpg
URL: 
URL: 
URL: 
URL: /var/aperitif/storage/images/mypage/1211134/1405098611_710.jpeg
URL: /var/aperitif/storage/images/mypage/1211135/1405099228_1000.jpeg
URL: 
URL: /var/aperitif/storage/images/mypage/1215534/1408906586_fiskesuppe.jpg
URL: /var/aperitif/storage/images/mypage/1216056/1409339653_fisk.jpg
URL: 
URL: /var/aperitif/storage/images/mypage/43414/Cool-Summerbreeze-225b.jpg
URL: 
URL: 
URL: 
URL: 
URL: 
URL: 
URL: 
URL: 
URL: 
URL: 
URL: /var/aperitif/storage/images/mypage/80589/Babi-Asam-Manis-225b.jpg
URL: /var/aperitif/storage/images/mypage/140266/Frittata-artisjokk-tomat-225b.jpg
URL: 
URL: /var/aperitif/storage/images/oppskrifter2/kokebok/kylling-og-fjaerkre/kylling/kylling-med-couscous-og-eplesalat/7514629-1-nor-NO/Kylling-med-couscous-og-eplesalat.jpg
/var/aperitif/storage/images/oppskrifter2/dagens-rett/denne-soendagsmiddagen-vil-det-gaa-gjetord-om/6265356-10-nor-NO/Denne-soendagsmiddagen-vil-det-gaa-gjetord-om_frontpage_coulmn.jpg
URL: 
URL: 
URL: 
URL: /var/aperitif/storage/images/mypage/1211134/1405098611_710.jpeg
URL: /var/aperitif/storage/images/mypage/1211135/1405099228_1000.jpeg
URL: 
URL: /var/aperitif/storage/images/mypage/1215534/1408906586_fiskesuppe.jpg
URL: /var/aperitif/storage/images/mypage/1216056/1409339653_fisk.jpg
URL: 
URL: /var/aperitif/storage/images/mypage/43414/Cool-Summerbreeze-225b.jpg
URL: 
URL: 
URL: 
URL: 
URL: 
URL: 
URL: 
URL: 
URL: 
URL: 
URL: /var/aperitif/storage/images/mypage/80589/Babi-Asam-Manis-225b.jpg
URL: /var/aperitif/storage/images/mypage/140266/Frittata-artisjokk-tomat-225b.jpg
URL: 
URL: /var/aperitif/storage/images/oppskrifter2/kokebok/kylling-og-fjaerkre/kylling/kylling-med-couscous-og-eplesalat/7514629-1-nor-NO/Kylling-med-couscous-og-eplesalat.jpg
/var/aperitif/storage/images/oppskrifter2/dagens-rett/denne-soendagsmiddagen-vil-det-gaa-gjetord-om/6265356-10-nor-NO/Denne-soendagsmiddagen-vil-det-gaa-gjetord-om_frontpage_coulmn.jpg
URL: 
URL: 
URL: 
URL: /var/aperitif/storage/images/mypage/1211134/1405098611_710.jpeg
URL: /var/aperitif/storage/images/mypage/1211135/1405099228_1000.jpeg
URL: 
URL: /var/aperitif/storage/images/mypage/1215534/1408906586_fiskesuppe.jpg
URL: /var/aperitif/storage/images/mypage/1216056/1409339653_fisk.jpg
URL: 
URL: /var/aperitif/storage/images/mypage/43414/Cool-Summerbreeze-225b.jpg
URL: 
URL: 
URL: 
URL: 
URL: 
URL: 
URL: 
URL: 
URL: 
URL: 
URL: /var/aperitif/storage/images/mypage/80589/Babi-Asam-Manis-225b.jpg
URL: /var/aperitif/storage/images/mypage/140266/Frittata-artisjokk-tomat-225b.jpg
URL: 
URL: /var/aperitif/storage/images/oppskrifter2/kokebok/kylling-og-fjaerkre/kylling/kylling-med-couscous-og-eplesalat/7514629-1-nor-NO/Kylling-med-couscous-og-eplesalat.jpg
/var/aperitif/storage/images/oppskrifter2/dagens-rett/denne-soendagsmiddagen-vil-det-gaa-gjetord-om/6265356-10-nor-NO/Denne-soendagsmiddagen-vil-det-gaa-gjetord-om_frontpage_coulmn.jpg
URL: 
URL: 
URL: 
URL: /var/aperitif/storage/images/mypage/1211134/1405098611_710.jpeg
URL: /var/aperitif/storage/images/mypage/1211135/1405099228_1000.jpeg
URL: 
URL: /var/aperitif/storage/images/mypage/1215534/1408906586_fiskesuppe.jpg
URL: /var/aperitif/storage/images/mypage/1216056/1409339653_fisk.jpg
URL: 
URL: /var/aperitif/storage/images/mypage/43414/Cool-Summerbreeze-225b.jpg
URL: 
URL: 
URL: 
URL: 
URL: 
URL: 
URL: 
URL: 
URL: 
URL: 
URL: /var/aperitif/storage/images/mypage/80589/Babi-Asam-Manis-225b.jpg
URL: /var/aperitif/storage/images/mypage/140266/Frittata-artisjokk-tomat-225b.jpg
URL: 
URL: /var/aperitif/storage/images/oppskrifter2/kokebok/kylling-og-fjaerkre/kylling/kylling-med-couscous-og-eplesalat/7514629-1-nor-NO/Kylling-med-couscous-og-eplesalat.jpg
/var/aperitif/storage/images/oppskrifter2/dagens-rett/denne-soendagsmiddagen-vil-det-gaa-gjetord-om/6265356-10-nor-NO/Denne-soendagsmiddagen-vil-det-gaa-gjetord-om_frontpage_coulmn.jpg
URL: /var/aperitif/storage/images/oppskrifter2/dagens-rett/denne-retten-er-saa-tradisjonell-at-den-er-hip/10657563-5-nor-NO/Denne-retten-er-saa-tradisjonell-at-den-er-hip_frontpage_coulmn.jpg
URL: /var/aperitif/storage/images/oppskrifter2/kokebok/groennsaker-salater-og-poteter/groennsaksretter/bakt-spiss-eller-sommerkaal-med-fetaost-og-oliven/5610249-11-nor-NO/Bakt-spiss-eller-sommerkaal-med-fetaost-og-oliven_left_column.jpg
/var/aperitif/storage/images/oppskrifter2/dagens-rett/denne-retten-er-saa-tradisjonell-at-den-er-hip/10657563-5-nor-NO/Denne-retten-er-saa-tradisjonell-at-den-er-hip_frontpage_coulmn.jpg
URL: 
URL: 
URL: 
URL: /var/aperitif/storage/images/mypage/1211134/1405098611_710.jpeg
URL: /var/aperitif/storage/images/mypage/1211135/1405099228_1000.jpeg
URL: 
URL: /var/aperitif/storage/images/mypage/1215534/1408906586_fiskesuppe.jpg
URL: /var/aperitif/storage/images/mypage/1216056/1409339653_fisk.jpg
URL: 
URL: /var/aperitif/storage/images/mypage/43414/Cool-Summerbreeze-225b.jpg
URL: 
URL: 
URL: 
URL: 
URL: 
URL: 
URL: 
URL: 
URL: 
URL: 
URL: /var/aperitif/storage/images/mypage/80589/Babi-Asam-Manis-225b.jpg
URL: /var/aperitif/storage/images/mypage/140266/Frittata-artisjokk-tomat-225b.jpg
URL: 
URL: /var/aperitif/storage/images/oppskrifter2/kokebok/kylling-og-fjaerkre/kylling/kylling-med-couscous-og-eplesalat/7514629-1-nor-NO/Kylling-med-couscous-og-eplesalat.jpg
/var/aperitif/storage/images/oppskrifter2/dagens-rett/denne-soendagsmiddagen-vil-det-gaa-gjetord-om/6265356-10-nor-NO/Denne-soendagsmiddagen-vil-det-gaa-gjetord-om_frontpage_coulmn.jpg
URL: /var/aperitif/storage/images/oppskrifter2/dagens-rett/denne-retten-er-saa-tradisjonell-at-den-er-hip/10657563-5-nor-NO/Denne-retten-er-saa-tradisjonell-at-den-er-hip_frontpage_coulmn.jpg
URL: /var/aperitif/storage/images/oppskrifter2/kokebok/groennsaker-salater-og-poteter/groennsaksretter/bakt-spiss-eller-sommerkaal-med-fetaost-og-oliven/5610249-11-nor-NO/Bakt-spiss-eller-sommerkaal-med-fetaost-og-oliven_left_column.jpg
/var/aperitif/storage/images/oppskrifter2/dagens-rett/denne-retten-er-saa-tradisjonell-at-den-er-hip/10657563-5-nor-NO/Denne-retten-er-saa-tradisjonell-at-den-er-hip_frontpage_coulmn.jpg
URL: /var/aperitif/storage/images/oppskrifter2/kokebok/groennsaker-salater-og-poteter/groennsaksretter/bifftomater-med-tunfisksalat/5610251-10-nor-NO/Bifftomater-med-tunfisksalat_left_column.jpg
/var/aperitif/storage/images/oppskrifter2/dagens-rett/denne-retten-er-saa-tradisjonell-at-den-er-hip/10657563-5-nor-NO/Denne-retten-er-saa-tradisjonell-at-den-er-hip_frontpage_coulmn.jpg
URL: /var/aperitif/storage/images/oppskrifter2/kokebok/forretter-og-smaaretter/smaaretter/eggeretter-og-pannekaker/potettortilla-med-chorizo-og-brokkoli/6263302-3-nor-NO/Potettortilla-med-chorizo-og-brokkoli.jpg
/var/aperitif/storage/images/oppskrifter2/dagens-rett/denne-retten-er-saa-tradisjonell-at-den-er-hip/10657563-5-nor-NO/Denne-retten-er-saa-tradisjonell-at-den-er-hip_frontpage_coulmn.jpg
URL: /var/aperitif/storage/images/oppskrifter2/kokebok/forretter-og-smaaretter/smaaretter/eggeretter-og-pannekaker/perfekt-eggeroere/8198773-2-nor-NO/Perfekt-eggeroere.jpg
/var/aperitif/storage/images/oppskrifter2/dagens-rett/denne-retten-er-saa-tradisjonell-at-den-er-hip/10657563-5-nor-NO/Denne-retten-er-saa-tradisjonell-at-den-er-hip_frontpage_coulmn.jpg
URL: /var/aperitif/storage/images/oppskrifter2/kokebok/fisk-og-skalldyr/torsk/pasta-carbonara-med-torsk-og-bacon/6266654-6-nor-NO/Pasta-carbonara-med-torsk-og-bacon.jpg
/var/aperitif/storage/images/oppskrifter2/dagens-rett/denne-retten-er-saa-tradisjonell-at-den-er-hip/10657563-5-nor-NO/Denne-retten-er-saa-tradisjonell-at-den-er-hip_frontpage_coulmn.jpg
URL: /var/aperitif/storage/images/oppskrifter2/kokebok/fisk-og-skalldyr/fiskesuppe-gryte/rask-fiskesuppe-fra-bergen/7474829-3-nor-NO/Rask-fiskesuppe-fra-Bergen.jpg
/var/aperitif/storage/images/oppskrifter2/dagens-rett/denne-retten-er-saa-tradisjonell-at-den-er-hip/10657563-5-nor-NO/Denne-retten-er-saa-tradisjonell-at-den-er-hip_frontpage_coulmn.jpg
URL: /var/aperitif/storage/images/oppskrifter2/kokebok/fisk-og-skalldyr/fiskesuppe-gryte/gulrotsuppe-med-ingefaer-og-sei/5783327-10-nor-NO/Gulrotsuppe-med-ingefaer-og-sei.jpg
/var/aperitif/storage/images/oppskrifter2/dagens-rett/denne-retten-er-saa-tradisjonell-at-den-er-hip/10657563-5-nor-NO/Denne-retten-er-saa-tradisjonell-at-den-er-hip_frontpage_coulmn.jpg
URL: /var/aperitif/storage/images/oppskrifter2/kokebok/fisk-og-skalldyr/torsk/kokt-torsk-med-gulrotstuing-og-bacon/7704724-1-nor-NO/Kokt-torsk-med-gulrotstuing-og-bacon.jpg
/var/aperitif/storage/images/oppskrifter2/dagens-rett/denne-retten-er-saa-tradisjonell-at-den-er-hip/10657563-5-nor-NO/Denne-retten-er-saa-tradisjonell-at-den-er-hip_frontpage_coulmn.jpg
URL: 
URL: 
URL: 
URL: /var/aperitif/storage/images/mypage/1211134/1405098611_710.jpeg
URL: /var/aperitif/storage/images/mypage/1211135/1405099228_1000.jpeg
URL: 
URL: /var/aperitif/storage/images/mypage/1215534/1408906586_fiskesuppe.jpg
URL: /var/aperitif/storage/images/mypage/1216056/1409339653_fisk.jpg
URL: 
URL: /var/aperitif/storage/images/mypage/43414/Cool-Summerbreeze-225b.jpg
URL: 
URL: 
URL: 
URL: 
URL: 
URL: 
URL: 
URL: 
URL: 
URL: 
URL: /var/aperitif/storage/images/mypage/80589/Babi-Asam-Manis-225b.jpg
URL: /var/aperitif/storage/images/mypage/140266/Frittata-artisjokk-tomat-225b.jpg
URL: 
URL: /var/aperitif/storage/images/oppskrifter2/kokebok/kylling-og-fjaerkre/kylling/kylling-med-couscous-og-eplesalat/7514629-1-nor-NO/Kylling-med-couscous-og-eplesalat.jpg
/var/aperitif/storage/images/oppskrifter2/dagens-rett/denne-soendagsmiddagen-vil-det-gaa-gjetord-om/6265356-10-nor-NO/Denne-soendagsmiddagen-vil-det-gaa-gjetord-om_frontpage_coulmn.jpg
URL: /var/aperitif/storage/images/oppskrifter2/dagens-rett/denne-retten-er-saa-tradisjonell-at-den-er-hip/10657563-5-nor-NO/Denne-retten-er-saa-tradisjonell-at-den-er-hip_frontpage_coulmn.jpg
URL: /var/aperitif/storage/images/oppskrifter2/kokebok/groennsaker-salater-og-poteter/groennsaksretter/bakt-spiss-eller-sommerkaal-med-fetaost-og-oliven/5610249-11-nor-NO/Bakt-spiss-eller-sommerkaal-med-fetaost-og-oliven_left_column.jpg
/var/aperitif/storage/images/oppskrifter2/dagens-rett/denne-retten-er-saa-tradisjonell-at-den-er-hip/10657563-5-nor-NO/Denne-retten-er-saa-tradisjonell-at-den-er-hip_frontpage_coulmn.jpg
URL: /var/aperitif/storage/images/oppskrifter2/kokebok/groennsaker-salater-og-poteter/groennsaksretter/bifftomater-med-tunfisksalat/5610251-10-nor-NO/Bifftomater-med-tunfisksalat_left_column.jpg
/var/aperitif/storage/images/oppskrifter2/dagens-rett/denne-retten-er-saa-tradisjonell-at-den-er-hip/10657563-5-nor-NO/Denne-retten-er-saa-tradisjonell-at-den-er-hip_frontpage_coulmn.jpg
URL: /var/aperitif/storage/images/oppskrifter2/kokebok/forretter-og-smaaretter/smaaretter/eggeretter-og-pannekaker/potettortilla-med-chorizo-og-brokkoli/6263302-3-nor-NO/Potettortilla-med-chorizo-og-brokkoli.jpg
/var/aperitif/storage/images/oppskrifter2/dagens-rett/denne-retten-er-saa-tradisjonell-at-den-er-hip/10657563-5-nor-NO/Denne-retten-er-saa-tradisjonell-at-den-er-hip_frontpage_coulmn.jpg
URL: /var/aperitif/storage/images/oppskrifter2/kokebok/forretter-og-smaaretter/smaaretter/eggeretter-og-pannekaker/perfekt-eggeroere/8198773-2-nor-NO/Perfekt-eggeroere.jpg
/var/aperitif/storage/images/oppskrifter2/dagens-rett/denne-retten-er-saa-tradisjonell-at-den-er-hip/10657563-5-nor-NO/Denne-retten-er-saa-tradisjonell-at-den-er-hip_frontpage_coulmn.jpg
URL: /var/aperitif/storage/images/oppskrifter2/kokebok/fisk-og-skalldyr/torsk/pasta-carbonara-med-torsk-og-bacon/6266654-6-nor-NO/Pasta-carbonara-med-torsk-og-bacon.jpg
/var/aperitif/storage/images/oppskrifter2/dagens-rett/denne-retten-er-saa-tradisjonell-at-den-er-hip/10657563-5-nor-NO/Denne-retten-er-saa-tradisjonell-at-den-er-hip_frontpage_coulmn.jpg
URL: /var/aperitif/storage/images/oppskrifter2/kokebok/fisk-og-skalldyr/fiskesuppe-gryte/rask-fiskesuppe-fra-bergen/7474829-3-nor-NO/Rask-fiskesuppe-fra-Bergen.jpg
/var/aperitif/storage/images/oppskrifter2/dagens-rett/denne-retten-er-saa-tradisjonell-at-den-er-hip/10657563-5-nor-NO/Denne-retten-er-saa-tradisjonell-at-den-er-hip_frontpage_coulmn.jpg
URL: /var/aperitif/storage/images/oppskrifter2/kokebok/fisk-og-skalldyr/fiskesuppe-gryte/gulrotsuppe-med-ingefaer-og-sei/5783327-10-nor-NO/Gulrotsuppe-med-ingefaer-og-sei.jpg
/var/aperitif/storage/images/oppskrifter2/dagens-rett/denne-retten-er-saa-tradisjonell-at-den-er-hip/10657563-5-nor-NO/Denne-retten-er-saa-tradisjonell-at-den-er-hip_frontpage_coulmn.jpg
URL: /var/aperitif/storage/images/oppskrifter2/kokebok/fisk-og-skalldyr/torsk/kokt-torsk-med-gulrotstuing-og-bacon/7704724-1-nor-NO/Kokt-torsk-med-gulrotstuing-og-bacon.jpg
/var/aperitif/storage/images/oppskrifter2/dagens-rett/denne-retten-er-saa-tradisjonell-at-den-er-hip/10657563-5-nor-NO/Denne-retten-er-saa-tradisjonell-at-den-er-hip_frontpage_coulmn.jpg
URL: 
URL: 
URL: 
URL: /var/aperitif/storage/images/mypage/1211134/1405098611_710.jpeg
URL: /var/aperitif/storage/images/mypage/1211135/1405099228_1000.jpeg
URL: 
URL: /var/aperitif/storage/images/mypage/1215534/1408906586_fiskesuppe.jpg
URL: /var/aperitif/storage/images/mypage/1216056/1409339653_fisk.jpg
URL: 
URL: /var/aperitif/storage/images/mypage/43414/Cool-Summerbreeze-225b.jpg
URL: 
URL: 
URL: 
URL: 
URL: 
URL: 
URL: 
URL: 
URL: 
URL: 
URL: /var/aperitif/storage/images/mypage/80589/Babi-Asam-Manis-225b.jpg
URL: /var/aperitif/storage/images/mypage/140266/Frittata-artisjokk-tomat-225b.jpg
URL: 
URL: /var/aperitif/storage/images/oppskrifter2/kokebok/kylling-og-fjaerkre/kylling/kylling-med-couscous-og-eplesalat/7514629-1-nor-NO/Kylling-med-couscous-og-eplesalat.jpg
/var/aperitif/storage/images/oppskrifter2/dagens-rett/denne-soendagsmiddagen-vil-det-gaa-gjetord-om/6265356-10-nor-NO/Denne-soendagsmiddagen-vil-det-gaa-gjetord-om_frontpage_coulmn.jpg
URL: /var/aperitif/storage/images/oppskrifter2/dagens-rett/denne-retten-er-saa-tradisjonell-at-den-er-hip/10657563-5-nor-NO/Denne-retten-er-saa-tradisjonell-at-den-er-hip_frontpage_coulmn.jpg
URL: /var/aperitif/storage/images/oppskrifter2/kokebok/groennsaker-salater-og-poteter/groennsaksretter/bakt-spiss-eller-sommerkaal-med-fetaost-og-oliven/5610249-11-nor-NO/Bakt-spiss-eller-sommerkaal-med-fetaost-og-oliven_left_column.jpg
/var/aperitif/storage/images/oppskrifter2/dagens-rett/denne-retten-er-saa-tradisjonell-at-den-er-hip/10657563-5-nor-NO/Denne-retten-er-saa-tradisjonell-at-den-er-hip_frontpage_coulmn.jpg
URL: /var/aperitif/storage/images/oppskrifter2/kokebok/groennsaker-salater-og-poteter/groennsaksretter/bifftomater-med-tunfisksalat/5610251-10-nor-NO/Bifftomater-med-tunfisksalat_left_column.jpg
/var/aperitif/storage/images/oppskrifter2/dagens-rett/denne-retten-er-saa-tradisjonell-at-den-er-hip/10657563-5-nor-NO/Denne-retten-er-saa-tradisjonell-at-den-er-hip_frontpage_coulmn.jpg
URL: /var/aperitif/storage/images/oppskrifter2/kokebok/forretter-og-smaaretter/smaaretter/eggeretter-og-pannekaker/potettortilla-med-chorizo-og-brokkoli/6263302-3-nor-NO/Potettortilla-med-chorizo-og-brokkoli.jpg
/var/aperitif/storage/images/oppskrifter2/dagens-rett/denne-retten-er-saa-tradisjonell-at-den-er-hip/10657563-5-nor-NO/Denne-retten-er-saa-tradisjonell-at-den-er-hip_frontpage_coulmn.jpg
URL: /var/aperitif/storage/images/oppskrifter2/kokebok/forretter-og-smaaretter/smaaretter/eggeretter-og-pannekaker/perfekt-eggeroere/8198773-2-nor-NO/Perfekt-eggeroere.jpg
/var/aperitif/storage/images/oppskrifter2/dagens-rett/denne-retten-er-saa-tradisjonell-at-den-er-hip/10657563-5-nor-NO/Denne-retten-er-saa-tradisjonell-at-den-er-hip_frontpage_coulmn.jpg
URL: /var/aperitif/storage/images/oppskrifter2/kokebok/fisk-og-skalldyr/torsk/pasta-carbonara-med-torsk-og-bacon/6266654-6-nor-NO/Pasta-carbonara-med-torsk-og-bacon.jpg
/var/aperitif/storage/images/oppskrifter2/dagens-rett/denne-retten-er-saa-tradisjonell-at-den-er-hip/10657563-5-nor-NO/Denne-retten-er-saa-tradisjonell-at-den-er-hip_frontpage_coulmn.jpg
URL: /var/aperitif/storage/images/oppskrifter2/kokebok/fisk-og-skalldyr/fiskesuppe-gryte/rask-fiskesuppe-fra-bergen/7474829-3-nor-NO/Rask-fiskesuppe-fra-Bergen.jpg
/var/aperitif/storage/images/oppskrifter2/dagens-rett/denne-retten-er-saa-tradisjonell-at-den-er-hip/10657563-5-nor-NO/Denne-retten-er-saa-tradisjonell-at-den-er-hip_frontpage_coulmn.jpg
URL: /var/aperitif/storage/images/oppskrifter2/kokebok/fisk-og-skalldyr/fiskesuppe-gryte/gulrotsuppe-med-ingefaer-og-sei/5783327-10-nor-NO/Gulrotsuppe-med-ingefaer-og-sei.jpg
/var/aperitif/storage/images/oppskrifter2/dagens-rett/denne-retten-er-saa-tradisjonell-at-den-er-hip/10657563-5-nor-NO/Denne-retten-er-saa-tradisjonell-at-den-er-hip_frontpage_coulmn.jpg
URL: /var/aperitif/storage/images/oppskrifter2/kokebok/fisk-og-skalldyr/torsk/kokt-torsk-med-gulrotstuing-og-bacon/7704724-1-nor-NO/Kokt-torsk-med-gulrotstuing-og-bacon.jpg
/var/aperitif/storage/images/oppskrifter2/dagens-rett/denne-retten-er-saa-tradisjonell-at-den-er-hip/10657563-5-nor-NO/Denne-retten-er-saa-tradisjonell-at-den-er-hip_frontpage_coulmn.jpg
URL: 
URL: 
URL: 
URL: /var/aperitif/storage/images/mypage/1211134/1405098611_710.jpeg
URL: /var/aperitif/storage/images/mypage/1211135/1405099228_1000.jpeg
URL: 
URL: /var/aperitif/storage/images/mypage/1215534/1408906586_fiskesuppe.jpg
URL: /var/aperitif/storage/images/mypage/1216056/1409339653_fisk.jpg
URL: 
URL: /var/aperitif/storage/images/mypage/43414/Cool-Summerbreeze-225b.jpg
URL: 
URL: 
URL: 
URL: 
URL: 
URL: 
URL: 
URL: 
URL: 
URL: 
URL: /var/aperitif/storage/images/mypage/80589/Babi-Asam-Manis-225b.jpg
URL: /var/aperitif/storage/images/mypage/140266/Frittata-artisjokk-tomat-225b.jpg
URL: 
URL: /var/aperitif/storage/images/oppskrifter2/kokebok/kylling-og-fjaerkre/kylling/kylling-med-couscous-og-eplesalat/7514629-1-nor-NO/Kylling-med-couscous-og-eplesalat.jpg
/var/aperitif/storage/images/oppskrifter2/dagens-rett/denne-soendagsmiddagen-vil-det-gaa-gjetord-om/6265356-10-nor-NO/Denne-soendagsmiddagen-vil-det-gaa-gjetord-om_frontpage_coulmn.jpg
URL: /var/aperitif/storage/images/oppskrifter2/dagens-rett/denne-retten-er-saa-tradisjonell-at-den-er-hip/10657563-5-nor-NO/Denne-retten-er-saa-tradisjonell-at-den-er-hip_frontpage_coulmn.jpg
URL: /var/aperitif/storage/images/oppskrifter2/kokebok/groennsaker-salater-og-poteter/groennsaksretter/bakt-spiss-eller-sommerkaal-med-fetaost-og-oliven/5610249-11-nor-NO/Bakt-spiss-eller-sommerkaal-med-fetaost-og-oliven_left_column.jpg
/var/aperitif/storage/images/oppskrifter2/dagens-rett/denne-retten-er-saa-tradisjonell-at-den-er-hip/10657563-5-nor-NO/Denne-retten-er-saa-tradisjonell-at-den-er-hip_frontpage_coulmn.jpg
URL: /var/aperitif/storage/images/oppskrifter2/kokebok/groennsaker-salater-og-poteter/groennsaksretter/bifftomater-med-tunfisksalat/5610251-10-nor-NO/Bifftomater-med-tunfisksalat_left_column.jpg
/var/aperitif/storage/images/oppskrifter2/dagens-rett/denne-retten-er-saa-tradisjonell-at-den-er-hip/10657563-5-nor-NO/Denne-retten-er-saa-tradisjonell-at-den-er-hip_frontpage_coulmn.jpg
URL: /var/aperitif/storage/images/oppskrifter2/kokebok/forretter-og-smaaretter/smaaretter/eggeretter-og-pannekaker/potettortilla-med-chorizo-og-brokkoli/6263302-3-nor-NO/Potettortilla-med-chorizo-og-brokkoli.jpg
/var/aperitif/storage/images/oppskrifter2/dagens-rett/denne-retten-er-saa-tradisjonell-at-den-er-hip/10657563-5-nor-NO/Denne-retten-er-saa-tradisjonell-at-den-er-hip_frontpage_coulmn.jpg
URL: /var/aperitif/storage/images/oppskrifter2/kokebok/forretter-og-smaaretter/smaaretter/eggeretter-og-pannekaker/perfekt-eggeroere/8198773-2-nor-NO/Perfekt-eggeroere.jpg
/var/aperitif/storage/images/oppskrifter2/dagens-rett/denne-retten-er-saa-tradisjonell-at-den-er-hip/10657563-5-nor-NO/Denne-retten-er-saa-tradisjonell-at-den-er-hip_frontpage_coulmn.jpg
URL: /var/aperitif/storage/images/oppskrifter2/kokebok/fisk-og-skalldyr/torsk/pasta-carbonara-med-torsk-og-bacon/6266654-6-nor-NO/Pasta-carbonara-med-torsk-og-bacon.jpg
/var/aperitif/storage/images/oppskrifter2/dagens-rett/denne-retten-er-saa-tradisjonell-at-den-er-hip/10657563-5-nor-NO/Denne-retten-er-saa-tradisjonell-at-den-er-hip_frontpage_coulmn.jpg
URL: /var/aperitif/storage/images/oppskrifter2/kokebok/fisk-og-skalldyr/fiskesuppe-gryte/rask-fiskesuppe-fra-bergen/7474829-3-nor-NO/Rask-fiskesuppe-fra-Bergen.jpg
/var/aperitif/storage/images/oppskrifter2/dagens-rett/denne-retten-er-saa-tradisjonell-at-den-er-hip/10657563-5-nor-NO/Denne-retten-er-saa-tradisjonell-at-den-er-hip_frontpage_coulmn.jpg
URL: /var/aperitif/storage/images/oppskrifter2/kokebok/fisk-og-skalldyr/fiskesuppe-gryte/gulrotsuppe-med-ingefaer-og-sei/5783327-10-nor-NO/Gulrotsuppe-med-ingefaer-og-sei.jpg
/var/aperitif/storage/images/oppskrifter2/dagens-rett/denne-retten-er-saa-tradisjonell-at-den-er-hip/10657563-5-nor-NO/Denne-retten-er-saa-tradisjonell-at-den-er-hip_frontpage_coulmn.jpg
URL: /var/aperitif/storage/images/oppskrifter2/kokebok/fisk-og-skalldyr/torsk/kokt-torsk-med-gulrotstuing-og-bacon/7704724-1-nor-NO/Kokt-torsk-med-gulrotstuing-og-bacon.jpg
/var/aperitif/storage/images/oppskrifter2/dagens-rett/denne-retten-er-saa-tradisjonell-at-den-er-hip/10657563-5-nor-NO/Denne-retten-er-saa-tradisjonell-at-den-er-hip_frontpage_coulmn.jpg
URL: 
URL: 
URL: 
URL: /var/aperitif/storage/images/mypage/1211134/1405098611_710.jpeg
URL: /var/aperitif/storage/images/mypage/1211135/1405099228_1000.jpeg
URL: 
URL: /var/aperitif/storage/images/mypage/1215534/1408906586_fiskesuppe.jpg
URL: /var/aperitif/storage/images/mypage/1216056/1409339653_fisk.jpg
URL: 
URL: /var/aperitif/storage/images/mypage/43414/Cool-Summerbreeze-225b.jpg
URL: 
URL: 
URL: 
URL: 
URL: 
URL: 
URL: 
URL: 
URL: 
URL: 
URL: /var/aperitif/storage/images/mypage/80589/Babi-Asam-Manis-225b.jpg
URL: /var/aperitif/storage/images/mypage/140266/Frittata-artisjokk-tomat-225b.jpg
URL: 
URL: /var/aperitif/storage/images/oppskrifter2/kokebok/kylling-og-fjaerkre/kylling/kylling-med-couscous-og-eplesalat/7514629-1-nor-NO/Kylling-med-couscous-og-eplesalat.jpg
/var/aperitif/storage/images/oppskrifter2/dagens-rett/denne-soendagsmiddagen-vil-det-gaa-gjetord-om/6265356-10-nor-NO/Denne-soendagsmiddagen-vil-det-gaa-gjetord-om_frontpage_coulmn.jpg
URL: /var/aperitif/storage/images/oppskrifter2/dagens-rett/denne-retten-er-saa-tradisjonell-at-den-er-hip/10657563-5-nor-NO/Denne-retten-er-saa-tradisjonell-at-den-er-hip_frontpage_coulmn.jpg
URL: /var/aperitif/storage/images/oppskrifter2/kokebok/groennsaker-salater-og-poteter/groennsaksretter/bakt-spiss-eller-sommerkaal-med-fetaost-og-oliven/5610249-11-nor-NO/Bakt-spiss-eller-sommerkaal-med-fetaost-og-oliven_left_column.jpg
/var/aperitif/storage/images/oppskrifter2/dagens-rett/denne-retten-er-saa-tradisjonell-at-den-er-hip/10657563-5-nor-NO/Denne-retten-er-saa-tradisjonell-at-den-er-hip_frontpage_coulmn.jpg
URL: /var/aperitif/storage/images/oppskrifter2/kokebok/groennsaker-salater-og-poteter/groennsaksretter/bifftomater-med-tunfisksalat/5610251-10-nor-NO/Bifftomater-med-tunfisksalat_left_column.jpg
/var/aperitif/storage/images/oppskrifter2/dagens-rett/denne-retten-er-saa-tradisjonell-at-den-er-hip/10657563-5-nor-NO/Denne-retten-er-saa-tradisjonell-at-den-er-hip_frontpage_coulmn.jpg
URL: /var/aperitif/storage/images/oppskrifter2/kokebok/forretter-og-smaaretter/smaaretter/eggeretter-og-pannekaker/potettortilla-med-chorizo-og-brokkoli/6263302-3-nor-NO/Potettortilla-med-chorizo-og-brokkoli.jpg
/var/aperitif/storage/images/oppskrifter2/dagens-rett/denne-retten-er-saa-tradisjonell-at-den-er-hip/10657563-5-nor-NO/Denne-retten-er-saa-tradisjonell-at-den-er-hip_frontpage_coulmn.jpg
URL: /var/aperitif/storage/images/oppskrifter2/kokebok/forretter-og-smaaretter/smaaretter/eggeretter-og-pannekaker/perfekt-eggeroere/8198773-2-nor-NO/Perfekt-eggeroere.jpg
/var/aperitif/storage/images/oppskrifter2/dagens-rett/denne-retten-er-saa-tradisjonell-at-den-er-hip/10657563-5-nor-NO/Denne-retten-er-saa-tradisjonell-at-den-er-hip_frontpage_coulmn.jpg
URL: /var/aperitif/storage/images/oppskrifter2/kokebok/fisk-og-skalldyr/torsk/pasta-carbonara-med-torsk-og-bacon/6266654-6-nor-NO/Pasta-carbonara-med-torsk-og-bacon.jpg
/var/aperitif/storage/images/oppskrifter2/dagens-rett/denne-retten-er-saa-tradisjonell-at-den-er-hip/10657563-5-nor-NO/Denne-retten-er-saa-tradisjonell-at-den-er-hip_frontpage_coulmn.jpg
URL: /var/aperitif/storage/images/oppskrifter2/kokebok/fisk-og-skalldyr/fiskesuppe-gryte/rask-fiskesuppe-fra-bergen/7474829-3-nor-NO/Rask-fiskesuppe-fra-Bergen.jpg
/var/aperitif/storage/images/oppskrifter2/dagens-rett/denne-retten-er-saa-tradisjonell-at-den-er-hip/10657563-5-nor-NO/Denne-retten-er-saa-tradisjonell-at-den-er-hip_frontpage_coulmn.jpg
URL: /var/aperitif/storage/images/oppskrifter2/kokebok/fisk-og-skalldyr/fiskesuppe-gryte/gulrotsuppe-med-ingefaer-og-sei/5783327-10-nor-NO/Gulrotsuppe-med-ingefaer-og-sei.jpg
/var/aperitif/storage/images/oppskrifter2/dagens-rett/denne-retten-er-saa-tradisjonell-at-den-er-hip/10657563-5-nor-NO/Denne-retten-er-saa-tradisjonell-at-den-er-hip_frontpage_coulmn.jpg
URL: /var/aperitif/storage/images/oppskrifter2/kokebok/fisk-og-skalldyr/torsk/kokt-torsk-med-gulrotstuing-og-bacon/7704724-1-nor-NO/Kokt-torsk-med-gulrotstuing-og-bacon.jpg
/var/aperitif/storage/images/oppskrifter2/dagens-rett/denne-retten-er-saa-tradisjonell-at-den-er-hip/10657563-5-nor-NO/Denne-retten-er-saa-tradisjonell-at-den-er-hip_frontpage_coulmn.jpg
